
15:54:25.742 [main] INFO  testCases.TC_002_CreateOfficesTest - ----------------------------------------
15:54:25.744 [main] INFO  testCases.TC_002_CreateOfficesTest - ***  Starting TC_002_CreateOfficesTest ***
15:55:05.130 [main] INFO  testCases.TC_002_CreateOfficesTest - ***  Created Level-1 office ***
15:55:10.145 [main] INFO  testCases.TC_002_CreateOfficesTest - ***  calling method level-2 office creation ***
15:55:46.652 [main] INFO  testCases.TC_002_CreateOfficesTest - ***  Created Level-2 office ***
15:55:46.652 [main] INFO  testCases.TC_002_CreateOfficesTest - ***  Ended TC_002_CreateOfficesTest ***
15:56:22.392 [main] INFO  testCases.TC_002_CreateOfficesTest - ***  Created Level-3 office ***
15:56:22.392 [main] INFO  testCases.TC_002_CreateOfficesTest - ***  Ended TC_002_CreateOfficesTest ***
15:56:24.735 [main] INFO  testCases.TC_003_CreateUsersTest - ----------------------------------------
15:56:24.735 [main] INFO  testCases.TC_003_CreateUsersTest - ***  Starting TC_003_CreateUsersTest ***
15:56:40.429 [main] INFO  testCases.TC_003_CreateUsersTest - ***  Created RM ***
15:56:40.429 [main] INFO  testCases.TC_003_CreateUsersTest - ***  Ended TC_003_CreateUsersTest ***
16:49:34.292 [main] INFO  testCases.TC_001_LoginTest - ----------------------------------------
16:49:34.306 [main] INFO  testCases.TC_001_LoginTest - ***  Starting TC_001_LoginTest ***
16:49:34.591 [main] INFO  testCases.TC_001_LoginTest - ***  Entered Email ***
16:49:34.692 [main] INFO  testCases.TC_001_LoginTest - ***  Entered Password ***
16:49:34.753 [main] INFO  testCases.TC_001_LoginTest - ***  Login as Super Admin ***
16:49:37.828 [main] INFO  testCases.TC_001_LoginTest - ***  Ended TC_001_LoginTest ***
16:52:08.701 [main] INFO  testCases.TC_002_CreateOfficesTest - ----------------------------------------
16:52:08.711 [main] INFO  testCases.TC_002_CreateOfficesTest - ***  Starting TC_002_CreateOfficesTest ***
16:52:46.773 [main] INFO  testCases.TC_002_CreateOfficesTest - ***  Created Level-1 office ***
16:52:51.778 [main] INFO  testCases.TC_002_CreateOfficesTest - ***  calling method level-2 office creation ***
16:56:07.714 [main] INFO  testCases.TC_002_CreateOfficesTest - ----------------------------------------
16:56:07.719 [main] INFO  testCases.TC_002_CreateOfficesTest - ***  Starting TC_002_CreateOfficesTest ***
16:56:27.332 [main] INFO  testCases.TC_002_CreateOfficesTest - ***  Created Level-1 office ***
16:56:32.347 [main] INFO  testCases.TC_002_CreateOfficesTest - ***  calling method level-2 office creation ***
16:57:18.896 [main] INFO  testCases.TC_002_CreateOfficesTest - ***  Created Level-2 office ***
16:57:18.896 [main] INFO  testCases.TC_002_CreateOfficesTest - ***  Ended TC_002_CreateOfficesTest ***
16:58:00.657 [main] INFO  testCases.TC_002_CreateOfficesTest - ***  Created Level-3 office ***
16:58:00.657 [main] INFO  testCases.TC_002_CreateOfficesTest - ***  Ended TC_002_CreateOfficesTest ***
16:58:32.278 [main] INFO  testCases.TC_003_CreateUsersTest - ----------------------------------------
16:58:32.298 [main] INFO  testCases.TC_003_CreateUsersTest - ***  Starting TC_003_CreateUsersTest ***
16:58:48.554 [main] INFO  testCases.TC_003_CreateUsersTest - ***  Created RM ***
16:58:48.554 [main] INFO  testCases.TC_003_CreateUsersTest - ***  Ended TC_003_CreateUsersTest ***
20:25:40.980 [main] INFO  testCases.TC_003_CreateUsersTest - ----------------------------------------
20:25:40.983 [main] INFO  testCases.TC_003_CreateUsersTest - ***  Starting TC_003_CreateUsersTest ***
20:27:01.358 [main] INFO  testCases.TC_003_CreateUsersTest - ----------------------------------------
20:27:01.364 [main] INFO  testCases.TC_003_CreateUsersTest - ***  Starting TC_003_CreateUsersTest ***
20:28:42.096 [main] INFO  testCases.TC_003_CreateUsersTest - ----------------------------------------
20:28:42.099 [main] INFO  testCases.TC_003_CreateUsersTest - ***  Starting TC_003_CreateUsersTest ***
20:32:06.360 [main] INFO  testCases.TC_003_CreateUsersTest - ----------------------------------------
20:32:06.363 [main] INFO  testCases.TC_003_CreateUsersTest - ***  Starting TC_003_CreateUsersTest ***
20:32:26.989 [main] INFO  testCases.TC_003_CreateUsersTest - ***  Created RM ***
20:32:26.989 [main] INFO  testCases.TC_003_CreateUsersTest - ***  Ended TC_003_CreateUsersTest ***
20:52:21.116 [main] INFO  testCases.TC_003_CreateUsersTest - ----------------------------------------
20:52:21.119 [main] INFO  testCases.TC_003_CreateUsersTest - ***  Starting TC_003_CreateUsersTest ***
20:58:08.171 [main] INFO  testCases.TC_003_CreateUsersTest - ----------------------------------------
20:58:08.176 [main] INFO  testCases.TC_003_CreateUsersTest - ***  Starting TC_003_CreateUsersTest ***
21:02:20.946 [main] INFO  testCases.TC_003_CreateUsersTest - ----------------------------------------
21:02:20.949 [main] INFO  testCases.TC_003_CreateUsersTest - ***  Starting TC_003_CreateUsersTest ***
21:10:21.940 [main] INFO  testCases.TC_003_CreateUsersTest - ----------------------------------------
21:10:21.950 [main] INFO  testCases.TC_003_CreateUsersTest - ***  Starting TC_003_CreateUsersTest ***
21:11:51.924 [main] INFO  testCases.TC_003_CreateUsersTest - ----------------------------------------
21:11:51.927 [main] INFO  testCases.TC_003_CreateUsersTest - ***  Starting TC_003_CreateUsersTest ***
21:12:45.828 [main] INFO  testCases.TC_003_CreateUsersTest - ----------------------------------------
21:12:45.830 [main] INFO  testCases.TC_003_CreateUsersTest - ***  Starting TC_003_CreateUsersTest ***
21:13:05.359 [main] INFO  testCases.TC_003_CreateUsersTest - ***  Created RM ***
21:13:05.359 [main] INFO  testCases.TC_003_CreateUsersTest - ***  Ended TC_003_CreateUsersTest ***
21:14:20.984 [main] INFO  testCases.TC_003_CreateUsersTest - ----------------------------------------
21:14:20.990 [main] INFO  testCases.TC_003_CreateUsersTest - ***  Starting TC_003_CreateUsersTest ***
21:15:01.655 [main] INFO  testCases.TC_003_CreateUsersTest - ----------------------------------------
21:15:01.659 [main] INFO  testCases.TC_003_CreateUsersTest - ***  Starting TC_003_CreateUsersTest ***
21:15:21.467 [main] INFO  testCases.TC_003_CreateUsersTest - ***  Created RM ***
21:15:21.467 [main] INFO  testCases.TC_003_CreateUsersTest - ***  Ended TC_003_CreateUsersTest ***
